c:\users\test\desktop\goalstackplanner\goalstackplanner\debug\vc140.pdb
c:\users\test\desktop\goalstackplanner\goalstackplanner\debug\vc140.idb
c:\users\test\desktop\goalstackplanner\goalstackplanner\debug\game.obj
c:\users\test\desktop\goalstackplanner\goalstackplanner\debug\hand.obj
c:\users\test\desktop\goalstackplanner\goalstackplanner\debug\handler.obj
c:\users\test\desktop\goalstackplanner\goalstackplanner\debug\main.obj
c:\users\test\desktop\goalstackplanner\goalstackplanner\debug\block.obj
c:\users\test\desktop\goalstackplanner\goalstackplanner\debug\object.obj
c:\users\test\desktop\goalstackplanner\goalstackplanner\debug\operator.obj
c:\users\test\desktop\goalstackplanner\goalstackplanner\debug\pickup.obj
c:\users\test\desktop\goalstackplanner\goalstackplanner\debug\putdown.obj
c:\users\test\desktop\goalstackplanner\goalstackplanner\debug\operatorstorage.obj
c:\users\test\desktop\goalstackplanner\goalstackplanner\debug\table.obj
c:\users\test\desktop\goalstackplanner\debug\goalstackplanner.ilk
c:\users\test\desktop\goalstackplanner\debug\goalstackplanner.exe
c:\users\test\desktop\goalstackplanner\debug\goalstackplanner.pdb
c:\users\test\desktop\goalstackplanner\goalstackplanner\debug\goalstackplanner.tlog\cl.command.1.tlog
c:\users\test\desktop\goalstackplanner\goalstackplanner\debug\goalstackplanner.tlog\cl.read.1.tlog
c:\users\test\desktop\goalstackplanner\goalstackplanner\debug\goalstackplanner.tlog\cl.write.1.tlog
c:\users\test\desktop\goalstackplanner\goalstackplanner\debug\goalstackplanner.tlog\link.command.1.tlog
c:\users\test\desktop\goalstackplanner\goalstackplanner\debug\goalstackplanner.tlog\link.read.1.tlog
c:\users\test\desktop\goalstackplanner\goalstackplanner\debug\goalstackplanner.tlog\link.write.1.tlog
