c:\users\test\desktop\goalstackplanner\goal-stack-planner\goalstackplanner\x64\debug\vc140.pdb
c:\users\test\desktop\goalstackplanner\goal-stack-planner\goalstackplanner\x64\debug\vc140.idb
c:\users\test\desktop\goalstackplanner\goal-stack-planner\goalstackplanner\x64\debug\game.obj
c:\users\test\desktop\goalstackplanner\goal-stack-planner\goalstackplanner\x64\debug\hand.obj
c:\users\test\desktop\goalstackplanner\goal-stack-planner\goalstackplanner\x64\debug\handler.obj
c:\users\test\desktop\goalstackplanner\goal-stack-planner\goalstackplanner\x64\debug\main.obj
c:\users\test\desktop\goalstackplanner\goal-stack-planner\goalstackplanner\x64\debug\block.obj
c:\users\test\desktop\goalstackplanner\goal-stack-planner\goalstackplanner\x64\debug\object.obj
c:\users\test\desktop\goalstackplanner\goal-stack-planner\goalstackplanner\x64\debug\operator.obj
c:\users\test\desktop\goalstackplanner\goal-stack-planner\goalstackplanner\x64\debug\operatorstorage.obj
c:\users\test\desktop\goalstackplanner\goal-stack-planner\goalstackplanner\x64\debug\pickup.obj
c:\users\test\desktop\goalstackplanner\goal-stack-planner\goalstackplanner\x64\debug\putdown.obj
c:\users\test\desktop\goalstackplanner\goal-stack-planner\goalstackplanner\x64\debug\stackblocks.obj
c:\users\test\desktop\goalstackplanner\goal-stack-planner\goalstackplanner\x64\debug\table.obj
c:\users\test\desktop\goalstackplanner\goal-stack-planner\x64\debug\goalstackplanner.ilk
c:\users\test\desktop\goalstackplanner\goal-stack-planner\x64\debug\goalstackplanner.exe
c:\users\test\desktop\goalstackplanner\goal-stack-planner\x64\debug\goalstackplanner.pdb
c:\users\test\desktop\goalstackplanner\goal-stack-planner\goalstackplanner\x64\debug\goalstackplanner.tlog\cl.command.1.tlog
c:\users\test\desktop\goalstackplanner\goal-stack-planner\goalstackplanner\x64\debug\goalstackplanner.tlog\cl.read.1.tlog
c:\users\test\desktop\goalstackplanner\goal-stack-planner\goalstackplanner\x64\debug\goalstackplanner.tlog\cl.write.1.tlog
c:\users\test\desktop\goalstackplanner\goal-stack-planner\goalstackplanner\x64\debug\goalstackplanner.tlog\link.command.1.tlog
c:\users\test\desktop\goalstackplanner\goal-stack-planner\goalstackplanner\x64\debug\goalstackplanner.tlog\link.read.1.tlog
c:\users\test\desktop\goalstackplanner\goal-stack-planner\goalstackplanner\x64\debug\goalstackplanner.tlog\link.write.1.tlog
